<?xml version="1.0" encoding="UTF-8"?>
<testsuite xmlns:xsi="http://www.w3.org/2001/XMLSchema-instance" xsi:noNamespaceSchemaLocation="https://maven.apache.org/surefire/maven-surefire-plugin/xsd/surefire-test-report-3.0.xsd" version="3.0" name="com.eventosatleticas.EventosatleticasApplicationTests" time="5.963" tests="1" errors="0" skipped="0" failures="0">
  <properties>
[...]
</properties>
  <testcase name="contextLoads" classname="com.eventosatleticas.EventosatleticasApplicationTests" time="0.426">
    <system-out><![CDATA[09:40:46.902 [main] INFO org.springframework.test.context.support.AnnotationConfigContextLoaderUtils -- Could not detect default configuration classes for test class [com.eventosatleticas.EventosatleticasApplicationTests]: EventosatleticasApplicationTests does not declare any static, non-private, non-final, nested classes annotated with @Configuration.
09:40:47.026 [main] INFO org.springframework.boot.test.context.SpringBootTestContextBootstrapper -- Found @SpringBootConfiguration com.eventosatleticas.EventosatleticasApplication for test class com.eventosatleticas.EventosatleticasApplicationTests

  .   ____          _            __ _ _
 /\\ / ___'_ __ _ _(_)_ __  __ _ \ \ \ \
( ( )\___ | '_ | '_| | '_ \/ _` | \ \ \ \
 \\/  ___)| |_)| | | | | || (_| |  ) ) ) )
  '  |____| .__|_| |_|_| |_\__, | / / / /
 =========|_|==============|___/=/_/_/_/

 :: Spring Boot ::                (v3.4.4)

2025-03-28T09:40:47.582-03:00  INFO 18573 --- [eventos_atleticas] [           main] c.e.EventosatleticasApplicationTests     : Starting EventosatleticasApplicationTests using Java 17.0.14 with PID 18573 (started by ykaro in /home/ykaro/Desktop/projeto_BD/eventosatleticas)
2025-03-28T09:40:47.586-03:00 DEBUG 18573 --- [eventos_atleticas] [           main] c.e.EventosatleticasApplicationTests     : Running with Spring Boot v3.4.4, Spring v6.2.5
2025-03-28T09:40:47.591-03:00  INFO 18573 --- [eventos_atleticas] [           main] c.e.EventosatleticasApplicationTests     : No active profile set, falling back to 1 default profile: "default"
2025-03-28T09:40:48.729-03:00  INFO 18573 --- [eventos_atleticas] [           main] .s.d.r.c.RepositoryConfigurationDelegate : Bootstrapping Spring Data JPA repositories in DEFAULT mode.
2025-03-28T09:40:48.796-03:00  INFO 18573 --- [eventos_atleticas] [           main] .s.d.r.c.RepositoryConfigurationDelegate : Finished Spring Data repository scanning in 59 ms. Found 8 JPA repository interfaces.
2025-03-28T09:40:49.237-03:00  INFO 18573 --- [eventos_atleticas] [           main] o.hibernate.jpa.internal.util.LogHelper  : HHH000204: Processing PersistenceUnitInfo [name: default]
2025-03-28T09:40:49.273-03:00  INFO 18573 --- [eventos_atleticas] [           main] org.hibernate.Version                    : HHH000412: Hibernate ORM core version 6.6.11.Final
2025-03-28T09:40:49.306-03:00  INFO 18573 --- [eventos_atleticas] [           main] o.h.c.internal.RegionFactoryInitiator    : HHH000026: Second-level cache disabled
2025-03-28T09:40:49.561-03:00  INFO 18573 --- [eventos_atleticas] [           main] o.s.o.j.p.SpringPersistenceUnitInfo      : No LoadTimeWeaver setup: ignoring JPA class transformer
2025-03-28T09:40:49.591-03:00  INFO 18573 --- [eventos_atleticas] [           main] com.zaxxer.hikari.HikariDataSource       : HikariPool-1 - Starting...
2025-03-28T09:40:49.852-03:00  INFO 18573 --- [eventos_atleticas] [           main] com.zaxxer.hikari.pool.HikariPool        : HikariPool-1 - Added connection org.postgresql.jdbc.PgConnection@d76099a
2025-03-28T09:40:49.853-03:00  INFO 18573 --- [eventos_atleticas] [           main] com.zaxxer.hikari.HikariDataSource       : HikariPool-1 - Start completed.
2025-03-28T09:40:49.880-03:00  WARN 18573 --- [eventos_atleticas] [           main] org.hibernate.orm.deprecation            : HHH90000025: PostgreSQLDialect does not need to be specified explicitly using 'hibernate.dialect' (remove the property setting and it will be selected by default)
2025-03-28T09:40:49.901-03:00  INFO 18573 --- [eventos_atleticas] [           main] org.hibernate.orm.connections.pooling    : HHH10001005: Database info:
	Database JDBC URL [Connecting through datasource 'HikariDataSource (HikariPool-1)']
	Database driver: undefined/unknown
	Database version: 17.4
	Autocommit mode: undefined/unknown
	Isolation level: undefined/unknown
	Minimum pool size: undefined/unknown
	Maximum pool size: undefined/unknown
2025-03-28T09:40:50.886-03:00  INFO 18573 --- [eventos_atleticas] [           main] o.h.e.t.j.p.i.JtaPlatformInitiator       : HHH000489: No JTA platform available (set 'hibernate.transaction.jta.platform' to enable JTA platform integration)
2025-03-28T09:40:50.898-03:00 DEBUG 18573 --- [eventos_atleticas] [           main] org.hibernate.SQL                        : 
    set client_min_messages = WARNING
Hibernate: 
    set client_min_messages = WARNING
2025-03-28T09:40:50.901-03:00 DEBUG 18573 --- [eventos_atleticas] [           main] org.hibernate.SQL                        : 
    alter table if exists eventos_schema.administradores 
       drop constraint if exists FKfwtfqbg9ndxdefvr0ki7eoxs5
Hibernate: 
    alter table if exists eventos_schema.administradores 
       drop constraint if exists FKfwtfqbg9ndxdefvr0ki7eoxs5
2025-03-28T09:40:50.903-03:00 DEBUG 18573 --- [eventos_atleticas] [           main] org.hibernate.SQL                        : 
    alter table if exists eventos_schema.arbitros 
       drop constraint if exists FK2idmnbmbwvunho3en3cvc2wje
Hibernate: 
    alter table if exists eventos_schema.arbitros 
       drop constraint if exists FK2idmnbmbwvunho3en3cvc2wje
2025-03-28T09:40:50.904-03:00 DEBUG 18573 --- [eventos_atleticas] [           main] org.hibernate.SQL                        : 
    alter table if exists eventos_schema.competicao 
       drop constraint if exists FKh8whqnqf4k9y6pgm6aqvphyjk
Hibernate: 
    alter table if exists eventos_schema.competicao 
       drop constraint if exists FKh8whqnqf4k9y6pgm6aqvphyjk
2025-03-28T09:40:50.906-03:00 DEBUG 18573 --- [eventos_atleticas] [           main] org.hibernate.SQL                        : 
    alter table if exists eventos_schema.competicao 
       drop constraint if exists FK79xu1tut4a61ucc87jlaxopde
Hibernate: 
    alter table if exists eventos_schema.competicao 
       drop constraint if exists FK79xu1tut4a61ucc87jlaxopde
2025-03-28T09:40:50.908-03:00 DEBUG 18573 --- [eventos_atleticas] [           main] org.hibernate.SQL                        : 
    alter table if exists eventos_schema.competicao 
       drop constraint if exists FKcdcayvsa1f5s5k23nla0fynp8
Hibernate: 
    alter table if exists eventos_schema.competicao 
       drop constraint if exists FKcdcayvsa1f5s5k23nla0fynp8
2025-03-28T09:40:50.909-03:00 DEBUG 18573 --- [eventos_atleticas] [           main] org.hibernate.SQL                        : 
    alter table if exists eventos_schema.organizadores 
       drop constraint if exists FKdn84gbw83qe1iyemoldw4f2x9
Hibernate: 
    alter table if exists eventos_schema.organizadores 
       drop constraint if exists FKdn84gbw83qe1iyemoldw4f2x9
2025-03-28T09:40:50.911-03:00 DEBUG 18573 --- [eventos_atleticas] [           main] org.hibernate.SQL                        : 
    drop table if exists eventos_schema.administradores cascade
Hibernate: 
    drop table if exists eventos_schema.administradores cascade
2025-03-28T09:40:50.914-03:00 DEBUG 18573 --- [eventos_atleticas] [           main] org.hibernate.SQL                        : 
    drop table if exists eventos_schema.arbitros cascade
Hibernate: 
    drop table if exists eventos_schema.arbitros cascade
2025-03-28T09:40:50.916-03:00 DEBUG 18573 --- [eventos_atleticas] [           main] org.hibernate.SQL                        : 
    drop table if exists eventos_schema.atleticas cascade
Hibernate: 
    drop table if exists eventos_schema.atleticas cascade
2025-03-28T09:40:50.919-03:00 DEBUG 18573 --- [eventos_atleticas] [           main] org.hibernate.SQL                        : 
    drop table if exists eventos_schema.competicao cascade
Hibernate: 
    drop table if exists eventos_schema.competicao cascade
2025-03-28T09:40:50.922-03:00 DEBUG 18573 --- [eventos_atleticas] [           main] org.hibernate.SQL                        : 
    drop table if exists eventos_schema.estoque cascade
Hibernate: 
    drop table if exists eventos_schema.estoque cascade
2025-03-28T09:40:50.924-03:00 DEBUG 18573 --- [eventos_atleticas] [           main] org.hibernate.SQL                        : 
    drop table if exists eventos_schema.modalidades cascade
Hibernate: 
    drop table if exists eventos_schema.modalidades cascade
2025-03-28T09:40:50.926-03:00 DEBUG 18573 --- [eventos_atleticas] [           main] org.hibernate.SQL                        : 
    drop table if exists eventos_schema.organizadores cascade
Hibernate: 
    drop table if exists eventos_schema.organizadores cascade
2025-03-28T09:40:50.928-03:00 DEBUG 18573 --- [eventos_atleticas] [           main] org.hibernate.SQL                        : 
    drop table if exists eventos_schema.usuario cascade
Hibernate: 
    drop table if exists eventos_schema.usuario cascade
2025-03-28T09:40:50.935-03:00 DEBUG 18573 --- [eventos_atleticas] [           main] org.hibernate.SQL                        : 
    create table eventos_schema.administradores (
        id bigint not null,
        nivel_acesso varchar(255),
        primary key (id)
    )
Hibernate: 
    create table eventos_schema.administradores (
        id bigint not null,
        nivel_acesso varchar(255),
        primary key (id)
    )
2025-03-28T09:40:50.939-03:00 DEBUG 18573 --- [eventos_atleticas] [           main] org.hibernate.SQL                        : 
    create table eventos_schema.arbitros (
        id bigint not null,
        especialidade varchar(255),
        primary key (id)
    )
Hibernate: 
    create table eventos_schema.arbitros (
        id bigint not null,
        especialidade varchar(255),
        primary key (id)
    )
2025-03-28T09:40:50.941-03:00 DEBUG 18573 --- [eventos_atleticas] [           main] org.hibernate.SQL                        : 
    create table eventos_schema.atleticas (
        id bigint generated by default as identity,
        nome varchar(255),
        universidade varchar(255),
        primary key (id)
    )
Hibernate: 
    create table eventos_schema.atleticas (
        id bigint generated by default as identity,
        nome varchar(255),
        universidade varchar(255),
        primary key (id)
    )
2025-03-28T09:40:50.945-03:00 DEBUG 18573 --- [eventos_atleticas] [           main] org.hibernate.SQL                        : 
    create table eventos_schema.competicao (
        atletica1_id bigint,
        atletica2_id bigint,
        id bigint generated by default as identity,
        modalidade_id bigint not null,
        descricao varchar(255),
        resultado varchar(255),
        status varchar(255),
        primary key (id)
    )
Hibernate: 
    create table eventos_schema.competicao (
        atletica1_id bigint,
        atletica2_id bigint,
        id bigint generated by default as identity,
        modalidade_id bigint not null,
        descricao varchar(255),
        resultado varchar(255),
        status varchar(255),
        primary key (id)
    )
2025-03-28T09:40:50.949-03:00 DEBUG 18573 --- [eventos_atleticas] [           main] org.hibernate.SQL                        : 
    create table eventos_schema.estoque (
        preco float(53) not null,
        quantidade integer not null,
        id bigint generated by default as identity,
        nome varchar(255),
        primary key (id)
    )
Hibernate: 
    create table eventos_schema.estoque (
        preco float(53) not null,
        quantidade integer not null,
        id bigint generated by default as identity,
        nome varchar(255),
        primary key (id)
    )
2025-03-28T09:40:50.952-03:00 DEBUG 18573 --- [eventos_atleticas] [           main] org.hibernate.SQL                        : 
    create table eventos_schema.modalidades (
        id bigint generated by default as identity,
        nome varchar(255) not null,
        regras varchar(255),
        primary key (id)
    )
Hibernate: 
    create table eventos_schema.modalidades (
        id bigint generated by default as identity,
        nome varchar(255) not null,
        regras varchar(255),
        primary key (id)
    )
2025-03-28T09:40:50.955-03:00 DEBUG 18573 --- [eventos_atleticas] [           main] org.hibernate.SQL                        : 
    create table eventos_schema.organizadores (
        id bigint not null,
        funcao varchar(255),
        primary key (id)
    )
Hibernate: 
    create table eventos_schema.organizadores (
        id bigint not null,
        funcao varchar(255),
        primary key (id)
    )
2025-03-28T09:40:50.958-03:00 DEBUG 18573 --- [eventos_atleticas] [           main] org.hibernate.SQL                        : 
    create table eventos_schema.usuario (
        id bigint generated by default as identity,
        email varchar(255) not null unique,
        role varchar(255) not null,
        senha varchar(255) not null,
        primary key (id)
    )
Hibernate: 
    create table eventos_schema.usuario (
        id bigint generated by default as identity,
        email varchar(255) not null unique,
        role varchar(255) not null,
        senha varchar(255) not null,
        primary key (id)
    )
2025-03-28T09:40:50.963-03:00 DEBUG 18573 --- [eventos_atleticas] [           main] org.hibernate.SQL                        : 
    alter table if exists eventos_schema.administradores 
       add constraint FKfwtfqbg9ndxdefvr0ki7eoxs5 
       foreign key (id) 
       references eventos_schema.usuario
Hibernate: 
    alter table if exists eventos_schema.administradores 
       add constraint FKfwtfqbg9ndxdefvr0ki7eoxs5 
       foreign key (id) 
       references eventos_schema.usuario
2025-03-28T09:40:50.965-03:00 DEBUG 18573 --- [eventos_atleticas] [           main] org.hibernate.SQL                        : 
    alter table if exists eventos_schema.arbitros 
       add constraint FK2idmnbmbwvunho3en3cvc2wje 
       foreign key (id) 
       references eventos_schema.usuario
Hibernate: 
    alter table if exists eventos_schema.arbitros 
       add constraint FK2idmnbmbwvunho3en3cvc2wje 
       foreign key (id) 
       references eventos_schema.usuario
2025-03-28T09:40:50.967-03:00 DEBUG 18573 --- [eventos_atleticas] [           main] org.hibernate.SQL                        : 
    alter table if exists eventos_schema.competicao 
       add constraint FKh8whqnqf4k9y6pgm6aqvphyjk 
       foreign key (atletica1_id) 
       references eventos_schema.atleticas
Hibernate: 
    alter table if exists eventos_schema.competicao 
       add constraint FKh8whqnqf4k9y6pgm6aqvphyjk 
       foreign key (atletica1_id) 
       references eventos_schema.atleticas
2025-03-28T09:40:50.969-03:00 DEBUG 18573 --- [eventos_atleticas] [           main] org.hibernate.SQL                        : 
    alter table if exists eventos_schema.competicao 
       add constraint FK79xu1tut4a61ucc87jlaxopde 
       foreign key (atletica2_id) 
       references eventos_schema.atleticas
Hibernate: 
    alter table if exists eventos_schema.competicao 
       add constraint FK79xu1tut4a61ucc87jlaxopde 
       foreign key (atletica2_id) 
       references eventos_schema.atleticas
2025-03-28T09:40:50.971-03:00 DEBUG 18573 --- [eventos_atleticas] [           main] org.hibernate.SQL                        : 
    alter table if exists eventos_schema.competicao 
       add constraint FKcdcayvsa1f5s5k23nla0fynp8 
       foreign key (modalidade_id) 
       references eventos_schema.modalidades
Hibernate: 
    alter table if exists eventos_schema.competicao 
       add constraint FKcdcayvsa1f5s5k23nla0fynp8 
       foreign key (modalidade_id) 
       references eventos_schema.modalidades
2025-03-28T09:40:50.974-03:00 DEBUG 18573 --- [eventos_atleticas] [           main] org.hibernate.SQL                        : 
    alter table if exists eventos_schema.organizadores 
       add constraint FKdn84gbw83qe1iyemoldw4f2x9 
       foreign key (id) 
       references eventos_schema.usuario
Hibernate: 
    alter table if exists eventos_schema.organizadores 
       add constraint FKdn84gbw83qe1iyemoldw4f2x9 
       foreign key (id) 
       references eventos_schema.usuario
2025-03-28T09:40:50.990-03:00  INFO 18573 --- [eventos_atleticas] [           main] j.LocalContainerEntityManagerFactoryBean : Initialized JPA EntityManagerFactory for persistence unit 'default'
2025-03-28T09:40:51.364-03:00  INFO 18573 --- [eventos_atleticas] [           main] eAuthenticationProviderManagerConfigurer : Global AuthenticationManager configured with AuthenticationProvider bean with name authenticationProvider
2025-03-28T09:40:51.364-03:00  WARN 18573 --- [eventos_atleticas] [           main] r$InitializeUserDetailsManagerConfigurer : Global AuthenticationManager configured with an AuthenticationProvider bean. UserDetailsService beans will not be used by Spring Security for automatically configuring username/password login. Consider removing the AuthenticationProvider bean. Alternatively, consider using the UserDetailsService in a manually instantiated DaoAuthenticationProvider. If the current configuration is intentional, to turn off this warning, increase the logging level of 'org.springframework.security.config.annotation.authentication.configuration.InitializeUserDetailsBeanManagerConfigurer' to ERROR
2025-03-28T09:40:51.487-03:00  WARN 18573 --- [eventos_atleticas] [           main] JpaBaseConfiguration$JpaWebConfiguration : spring.jpa.open-in-view is enabled by default. Therefore, database queries may be performed during view rendering. Explicitly configure spring.jpa.open-in-view to disable this warning
2025-03-28T09:40:52.242-03:00  INFO 18573 --- [eventos_atleticas] [           main] c.e.EventosatleticasApplicationTests     : Started EventosatleticasApplicationTests in 5.082 seconds (process running for 6.191)
]]></system-out>
  </testcase>
</testsuite>